2024-12-13 16:37:19,979 - Measures - INFO - get_key_words executed in 21.9859 seconds 
2024-12-13 16:37:22,396 - Measures - INFO - do_test executed in 29.6606 seconds 
2024-12-13 16:38:52,816 - Measures - INFO - get_key_words executed in 2.7974 seconds 
2024-12-13 16:38:55,474 - Measures - INFO - do_test executed in 6.0635 seconds 
2024-12-13 16:40:09,852 - Measures - INFO - get_key_words executed in 0.1950 seconds 
2024-12-13 16:40:12,189 - Measures - INFO - do_test executed in 2.5797 seconds 
2024-12-13 16:40:15,985 - Measures - INFO - get_key_words executed in 2.7961 seconds 
2024-12-13 16:40:16,195 - Measures - INFO - do_test executed in 4.0054 seconds 
2024-12-14 21:18:54,419 - Measures - INFO - get_text_and_tables_from_pdf executed in 0.0381 seconds 
2024-12-14 21:18:54,616 - Measures - INFO - get_key_words executed in 0.1969 seconds 
2024-12-14 21:18:56,935 - Measures - INFO - inference executed in 2.3173 seconds 
2024-12-14 21:18:56,935 - Measures - INFO - get_classification executed in 2.5542 seconds 
2024-12-14 21:18:56,935 - Measures - INFO - do_test executed in 2.5542 seconds 
2024-12-14 21:18:57,915 - Measures - INFO - get_text_and_tables_from_pdf executed in 0.9790 seconds 
2024-12-14 21:19:00,737 - Measures - INFO - get_key_words executed in 2.8226 seconds 
2024-12-14 21:19:00,947 - Measures - INFO - inference executed in 0.2094 seconds 
2024-12-14 21:19:00,947 - Measures - INFO - get_classification executed in 4.0119 seconds 
2024-12-14 21:19:00,947 - Measures - INFO - do_test executed in 4.0119 seconds 
2024-12-14 21:21:19,749 - Measures - INFO - get_text_and_tables_from_pdf executed in 5.8437 seconds 
2024-12-14 21:21:26,519 - Measures - INFO - recognize_rois executed in 2.3164 seconds 
2024-12-14 21:21:28,926 - Measures - INFO - recognize_rois executed in 2.3507 seconds 
2024-12-14 21:21:32,445 - Measures - INFO - recognize_rois executed in 3.4586 seconds 
2024-12-14 21:21:32,445 - Measures - INFO - doOcr_from_pdf executed in 8.4787 seconds 
