2024-12-11 16:00:32,227 - iban extractor - ERROR - Exception occured in <function doOcr_from_pdf at 0x705dc35e98a0> : expected string or bytes-like object, got 'list' 
Traceback (most recent call last):
  File "/home/jacques/works/RevolutionAI/Core/Libs-python/src/lxf/services/try_safe.py", line 5, in try_safe_execute_async
    result= await func(**kargs)
            ^^^^^^^^^^^^^^^^^^^
  File "/home/jacques/works/RevolutionAI/Core/Libs-python/src/lxf/ai/ocr/ocr.py", line 379, in doOcr_from_pdf
    texts += sanitize_text(text)
             ^^^^^^^^^^^^^^^^^^^
  File "/home/jacques/works/RevolutionAI/Core/Libs-python/src/lxf/ai/ocr/ocr.py", line 265, in sanitize_text
    result = re.sub(regex, subst, text, 0, re.MULTILINE)
             ^^^^^^^^^^^^^^^^^^^^^^^^^^^^^^^^^^^^^^^^^^^
  File "/usr/lib/python3.12/re/__init__.py", line 186, in sub
    return _compile(pattern, flags).sub(repl, string, count)
           ^^^^^^^^^^^^^^^^^^^^^^^^^^^^^^^^^^^^^^^^^^^^^^^^^
TypeError: expected string or bytes-like object, got 'list'
2024-12-11 16:01:14,669 - iban extractor - ERROR - Exception occured in <function doOcr_from_pdf at 0x70ee223018a0> : expected string or bytes-like object, got 'list' 
Traceback (most recent call last):
  File "/home/jacques/works/RevolutionAI/Core/Libs-python/src/lxf/services/try_safe.py", line 5, in try_safe_execute_async
    result= await func(**kargs)
            ^^^^^^^^^^^^^^^^^^^
  File "/home/jacques/works/RevolutionAI/Core/Libs-python/src/lxf/ai/ocr/ocr.py", line 379, in doOcr_from_pdf
    texts += sanitize_text(text)
             ^^^^^^^^^^^^^^^^^^^
  File "/home/jacques/works/RevolutionAI/Core/Libs-python/src/lxf/ai/ocr/ocr.py", line 265, in sanitize_text
    result = re.sub(regex, subst, text, 0, re.MULTILINE)
             ^^^^^^^^^^^^^^^^^^^^^^^^^^^^^^^^^^^^^^^^^^^
  File "/usr/lib/python3.12/re/__init__.py", line 186, in sub
    return _compile(pattern, flags).sub(repl, string, count)
           ^^^^^^^^^^^^^^^^^^^^^^^^^^^^^^^^^^^^^^^^^^^^^^^^^
TypeError: expected string or bytes-like object, got 'list'
